# JRE version: OpenJDK Runtime Environment Temurin-21.0.11+10 (21.0.11+10) (build 21.0.11+10-LTS)
# Java VM: OpenJDK 64-Bit Server VM Temurin-21.0.11+10 (21.0.11+10-LTS, mixed mode, sharing, tiered, compressed oops, compressed class ptrs, parallel gc, windows-amd64)
GC Precious Log:
 CardTable entry size: 512
 CPUs: 12 total, 12 available
 Memory: 15708M
 Large Page Support: Disabled
 NUMA Support: Disabled
 Compressed Oops: Enabled (32-bit)
 Alignments: Space 512K, Generation 512K, Heap 2M
 Heap Min Capacity: 100M
 Heap Initial Capacity: 100M
 Heap Max Capacity: 2G
 Pre-touch: Disabled
 Parallel Workers: 10
Heap:
 PSYoungGen      total 21504K, used 4694K [0x00000000d5580000, 0x00000000d6d00000, 0x0000000100000000)
  eden space 19968K, 16% used [0x00000000d5580000,0x00000000d58cdaf8,0x00000000d6900000)
  from space 1536K, 85% used [0x00000000d6900000,0x00000000d6a48000,0x00000000d6a80000)
  to   space 2048K, 0% used [0x00000000d6b00000,0x00000000d6b00000,0x00000000d6d00000)
 ParOldGen       total 68608K, used 25399K [0x0000000080000000, 0x0000000084300000, 0x00000000d5580000)
  object space 68608K, 37% used [0x0000000080000000,0x00000000818cdf68,0x0000000084300000)
 Metaspace       used 48311K, committed 49472K, reserved 1114112K
  class space    used 5362K, committed 5888K, reserved 1048576K
GC Heap History (20 events):
Event: 16.054 GC heap before
{Heap before GC invocations=11 (full 1):
 PSYoungGen      total 26112K, used 26095K [0x00000000d5580000, 0x00000000d7380000, 0x0000000100000000)
  eden space 23552K, 100% used [0x00000000d5580000,0x00000000d6c80000,0x00000000d6c80000)
  from space 2560K, 99% used [0x00000000d6f00000,0x00000000d717bf00,0x00000000d7180000)
  to   space 2048K, 0% used [0x00000000d7180000,0x00000000d7180000,0x00000000d7380000)
 ParOldGen       total 68608K, used 13182K [0x0000000080000000, 0x0000000084300000, 0x00000000d5580000)
  object space 68608K, 19% used [0x0000000080000000,0x0000000080cdfaf8,0x0000000084300000)
 Metaspace       used 28585K, committed 29440K, reserved 1114112K
  class space    used 2812K, committed 3136K, reserved 1048576K
}
Event: 16.056 GC heap after
{Heap after GC invocations=11 (full 1):
 PSYoungGen      total 25088K, used 2016K [0x00000000d5580000, 0x00000000d7400000, 0x0000000100000000)
  eden space 23040K, 0% used [0x00000000d5580000,0x00000000d5580000,0x00000000d6c00000)
  from space 2048K, 98% used [0x00000000d7180000,0x00000000d73780f0,0x00000000d7380000)
  to   space 4096K, 0% used [0x00000000d6c00000,0x00000000d6c00000,0x00000000d7000000)
 ParOldGen       total 68608K, used 14560K [0x0000000080000000, 0x0000000084300000, 0x00000000d5580000)
  object space 68608K, 21% used [0x0000000080000000,0x0000000080e38228,0x0000000084300000)
 Metaspace       used 28585K, committed 29440K, reserved 1114112K
  class space    used 2812K, committed 3136K, reserved 1048576K
}
Event: 16.372 GC heap before
{Heap before GC invocations=12 (full 1):
 PSYoungGen      total 25088K, used 25056K [0x00000000d5580000, 0x00000000d7400000, 0x0000000100000000)
  eden space 23040K, 100% used [0x00000000d5580000,0x00000000d6c00000,0x00000000d6c00000)
  from space 2048K, 98% used [0x00000000d7180000,0x00000000d73780f0,0x00000000d7380000)
  to   space 4096K, 0% used [0x00000000d6c00000,0x00000000d6c00000,0x00000000d7000000)
 ParOldGen       total 68608K, used 14560K [0x0000000080000000, 0x0000000084300000, 0x00000000d5580000)
  object space 68608K, 21% used [0x0000000080000000,0x0000000080e38228,0x0000000084300000)
 Metaspace       used 31641K, committed 32704K, reserved 1114112K
  class space    used 3198K, committed 3648K, reserved 1048576K
}
Event: 16.376 GC heap after
{Heap after GC invocations=12 (full 1):
 PSYoungGen      total 24576K, used 1708K [0x00000000d5580000, 0x00000000d7200000, 0x0000000100000000)
  eden space 22528K, 0% used [0x00000000d5580000,0x00000000d5580000,0x00000000d6b80000)
  from space 2048K, 83% used [0x00000000d6c00000,0x00000000d6dab130,0x00000000d6e00000)
  to   space 2560K, 0% used [0x00000000d6f80000,0x00000000d6f80000,0x00000000d7200000)
 ParOldGen       total 68608K, used 16561K [0x0000000080000000, 0x0000000084300000, 0x00000000d5580000)
  object space 68608K, 24% used [0x0000000080000000,0x000000008102c410,0x0000000084300000)
 Metaspace       used 31641K, committed 32704K, reserved 1114112K
  class space    used 3198K, committed 3648K, reserved 1048576K
}
Event: 16.559 GC heap before
{Heap before GC invocations=13 (full 1):
 PSYoungGen      total 24576K, used 24236K [0x00000000d5580000, 0x00000000d7200000, 0x0000000100000000)
  eden space 22528K, 100% used [0x00000000d5580000,0x00000000d6b80000,0x00000000d6b80000)
  from space 2048K, 83% used [0x00000000d6c00000,0x00000000d6dab130,0x00000000d6e00000)
  to   space 2560K, 0% used [0x00000000d6f80000,0x00000000d6f80000,0x00000000d7200000)
 ParOldGen       total 68608K, used 16561K [0x0000000080000000, 0x0000000084300000, 0x00000000d5580000)
  object space 68608K, 24% used [0x0000000080000000,0x000000008102c410,0x0000000084300000)
 Metaspace       used 34564K, committed 35648K, reserved 1114112K
  class space    used 3571K, committed 4032K, reserved 1048576K
}
Event: 16.564 GC heap after
{Heap after GC invocations=13 (full 1):
 PSYoungGen      total 23552K, used 2539K [0x00000000d5580000, 0x00000000d7600000, 0x0000000100000000)
  eden space 20992K, 0% used [0x00000000d5580000,0x00000000d5580000,0x00000000d6a00000)
  from space 2560K, 99% used [0x00000000d6f80000,0x00000000d71fac78,0x00000000d7200000)
  to   space 5632K, 0% used [0x00000000d6a00000,0x00000000d6a00000,0x00000000d6f80000)
 ParOldGen       total 68608K, used 19000K [0x0000000080000000, 0x0000000084300000, 0x00000000d5580000)
  object space 68608K, 27% used [0x0000000080000000,0x000000008128e320,0x0000000084300000)
 Metaspace       used 34564K, committed 35648K, reserved 1114112K
  class space    used 3571K, committed 4032K, reserved 1048576K
}
Event: 16.611 GC heap before
{Heap before GC invocations=14 (full 1):
 PSYoungGen      total 23552K, used 5437K [0x00000000d5580000, 0x00000000d7600000, 0x0000000100000000)
  eden space 20992K, 13% used [0x00000000d5580000,0x00000000d5854790,0x00000000d6a00000)
  from space 2560K, 99% used [0x00000000d6f80000,0x00000000d71fac78,0x00000000d7200000)
  to   space 5632K, 0% used [0x00000000d6a00000,0x00000000d6a00000,0x00000000d6f80000)
 ParOldGen       total 68608K, used 19000K [0x0000000080000000, 0x0000000084300000, 0x00000000d5580000)
  object space 68608K, 27% used [0x0000000080000000,0x000000008128e320,0x0000000084300000)
 Metaspace       used 34708K, committed 35840K, reserved 1114112K
  class space    used 3596K, committed 4096K, reserved 1048576K
}
Event: 16.613 GC heap after
{Heap after GC invocations=14 (full 1):
 PSYoungGen      total 22016K, used 544K [0x00000000d5580000, 0x00000000d7000000, 0x0000000100000000)
  eden space 20992K, 0% used [0x00000000d5580000,0x00000000d5580000,0x00000000d6a00000)
  from space 1024K, 53% used [0x00000000d6a00000,0x00000000d6a88000,0x00000000d6b00000)
  to   space 2560K, 0% used [0x00000000d6d80000,0x00000000d6d80000,0x00000000d7000000)
 ParOldGen       total 68608K, used 21683K [0x0000000080000000, 0x0000000084300000, 0x00000000d5580000)
  object space 68608K, 31% used [0x0000000080000000,0x000000008152cc80,0x0000000084300000)
 Metaspace       used 34708K, committed 35840K, reserved 1114112K
  class space    used 3596K, committed 4096K, reserved 1048576K
}
Event: 16.613 GC heap before
{Heap before GC invocations=15 (full 2):
 PSYoungGen      total 22016K, used 544K [0x00000000d5580000, 0x00000000d7000000, 0x0000000100000000)
  eden space 20992K, 0% used [0x00000000d5580000,0x00000000d5580000,0x00000000d6a00000)
  from space 1024K, 53% used [0x00000000d6a00000,0x00000000d6a88000,0x00000000d6b00000)
  to   space 2560K, 0% used [0x00000000d6d80000,0x00000000d6d80000,0x00000000d7000000)
 ParOldGen       total 68608K, used 21683K [0x0000000080000000, 0x0000000084300000, 0x00000000d5580000)
  object space 68608K, 31% used [0x0000000080000000,0x000000008152cc80,0x0000000084300000)
 Metaspace       used 34708K, committed 35840K, reserved 1114112K
  class space    used 3596K, committed 4096K, reserved 1048576K
}
Event: 16.660 GC heap after
{Heap after GC invocations=15 (full 2):
 PSYoungGen      total 22016K, used 0K [0x00000000d5580000, 0x00000000d7000000, 0x0000000100000000)
  eden space 20992K, 0% used [0x00000000d5580000,0x00000000d5580000,0x00000000d6a00000)
  from space 1024K, 0% used [0x00000000d6a00000,0x00000000d6a00000,0x00000000d6b00000)
  to   space 2560K, 0% used [0x00000000d6d80000,0x00000000d6d80000,0x00000000d7000000)
 ParOldGen       total 68608K, used 20011K [0x0000000080000000, 0x0000000084300000, 0x00000000d5580000)
  object space 68608K, 29% used [0x0000000080000000,0x000000008138af90,0x0000000084300000)
 Metaspace       used 34698K, committed 35840K, reserved 1114112K
  class space    used 3593K, committed 4096K, reserved 1048576K
}
Event: 16.872 GC heap before
{Heap before GC invocations=16 (full 2):
 PSYoungGen      total 22016K, used 20992K [0x00000000d5580000, 0x00000000d7000000, 0x0000000100000000)
  eden space 20992K, 100% used [0x00000000d5580000,0x00000000d6a00000,0x00000000d6a00000)
  from space 1024K, 0% used [0x00000000d6a00000,0x00000000d6a00000,0x00000000d6b00000)
  to   space 2560K, 0% used [0x00000000d6d80000,0x00000000d6d80000,0x00000000d7000000)
 ParOldGen       total 68608K, used 20011K [0x0000000080000000, 0x0000000084300000, 0x00000000d5580000)
  object space 68608K, 29% used [0x0000000080000000,0x000000008138af90,0x0000000084300000)
 Metaspace       used 37773K, committed 38848K, reserved 1114112K
  class space    used 3982K, committed 4416K, reserved 1048576K
}
Event: 16.875 GC heap after
{Heap after GC invocations=16 (full 2):
 PSYoungGen      total 22528K, used 1168K [0x00000000d5580000, 0x00000000d6f00000, 0x0000000100000000)
  eden space 20992K, 0% used [0x00000000d5580000,0x00000000d5580000,0x00000000d6a00000)
  from space 1536K, 76% used [0x00000000d6d80000,0x00000000d6ea4010,0x00000000d6f00000)
  to   space 1536K, 0% used [0x00000000d6c00000,0x00000000d6c00000,0x00000000d6d80000)
 ParOldGen       total 68608K, used 20019K [0x0000000080000000, 0x0000000084300000, 0x00000000d5580000)
  object space 68608K, 29% used [0x0000000080000000,0x000000008138cf90,0x0000000084300000)
 Metaspace       used 37773K, committed 38848K, reserved 1114112K
  class space    used 3982K, committed 4416K, reserved 1048576K
}
Event: 17.031 GC heap before
{Heap before GC invocations=17 (full 2):
 PSYoungGen      total 22528K, used 22160K [0x00000000d5580000, 0x00000000d6f00000, 0x0000000100000000)
  eden space 20992K, 100% used [0x00000000d5580000,0x00000000d6a00000,0x00000000d6a00000)
  from space 1536K, 76% used [0x00000000d6d80000,0x00000000d6ea4010,0x00000000d6f00000)
  to   space 1536K, 0% used [0x00000000d6c00000,0x00000000d6c00000,0x00000000d6d80000)
 ParOldGen       total 68608K, used 20019K [0x0000000080000000, 0x0000000084300000, 0x00000000d5580000)
  object space 68608K, 29% used [0x0000000080000000,0x000000008138cf90,0x0000000084300000)
 Metaspace       used 39750K, committed 40896K, reserved 1114112K
  class space    used 4267K, committed 4736K, reserved 1048576K
}
Event: 17.033 GC heap after
{Heap after GC invocations=17 (full 2):
 PSYoungGen      total 22528K, used 1097K [0x00000000d5580000, 0x00000000d6e00000, 0x0000000100000000)
  eden space 20992K, 0% used [0x00000000d5580000,0x00000000d5580000,0x00000000d6a00000)
  from space 1536K, 71% used [0x00000000d6c00000,0x00000000d6d12460,0x00000000d6d80000)
  to   space 512K, 0% used [0x00000000d6d80000,0x00000000d6d80000,0x00000000d6e00000)
 ParOldGen       total 68608K, used 20911K [0x0000000080000000, 0x0000000084300000, 0x00000000d5580000)
  object space 68608K, 30% used [0x0000000080000000,0x000000008146bfa0,0x0000000084300000)
 Metaspace       used 39750K, committed 40896K, reserved 1114112K
  class space    used 4267K, committed 4736K, reserved 1048576K
}
Event: 17.290 GC heap before
{Heap before GC invocations=18 (full 2):
 PSYoungGen      total 22528K, used 22088K [0x00000000d5580000, 0x00000000d6e00000, 0x0000000100000000)
  eden space 20992K, 99% used [0x00000000d5580000,0x00000000d69ffbd0,0x00000000d6a00000)
  from space 1536K, 71% used [0x00000000d6c00000,0x00000000d6d12460,0x00000000d6d80000)
  to   space 512K, 0% used [0x00000000d6d80000,0x00000000d6d80000,0x00000000d6e00000)
 ParOldGen       total 68608K, used 20911K [0x0000000080000000, 0x0000000084300000, 0x00000000d5580000)
  object space 68608K, 30% used [0x0000000080000000,0x000000008146bfa0,0x0000000084300000)
 Metaspace       used 41765K, committed 42816K, reserved 1114112K
  class space    used 4496K, committed 4928K, reserved 1048576K
}
Event: 17.293 GC heap after
{Heap after GC invocations=18 (full 2):
 PSYoungGen      total 21504K, used 507K [0x00000000d5580000, 0x00000000d6e00000, 0x0000000100000000)
  eden space 20992K, 0% used [0x00000000d5580000,0x00000000d5580000,0x00000000d6a00000)
  from space 512K, 99% used [0x00000000d6d80000,0x00000000d6dfedb0,0x00000000d6e00000)
  to   space 2048K, 0% used [0x00000000d6a00000,0x00000000d6a00000,0x00000000d6c00000)
 ParOldGen       total 68608K, used 22138K [0x0000000080000000, 0x0000000084300000, 0x00000000d5580000)
  object space 68608K, 32% used [0x0000000080000000,0x000000008159eb08,0x0000000084300000)
 Metaspace       used 41765K, committed 42816K, reserved 1114112K
  class space    used 4496K, committed 4928K, reserved 1048576K
}
Event: 17.603 GC heap before
{Heap before GC invocations=19 (full 2):
 PSYoungGen      total 21504K, used 21499K [0x00000000d5580000, 0x00000000d6e00000, 0x0000000100000000)
  eden space 20992K, 100% used [0x00000000d5580000,0x00000000d6a00000,0x00000000d6a00000)
  from space 512K, 99% used [0x00000000d6d80000,0x00000000d6dfedb0,0x00000000d6e00000)
  to   space 2048K, 0% used [0x00000000d6a00000,0x00000000d6a00000,0x00000000d6c00000)
 ParOldGen       total 68608K, used 22138K [0x0000000080000000, 0x0000000084300000, 0x00000000d5580000)
  object space 68608K, 32% used [0x0000000080000000,0x000000008159eb08,0x0000000084300000)
 Metaspace       used 43591K, committed 44736K, reserved 1114112K
  class space    used 4742K, committed 5248K, reserved 1048576K
}
Event: 17.606 GC heap after
{Heap after GC invocations=19 (full 2):
 PSYoungGen      total 23040K, used 1261K [0x00000000d5580000, 0x00000000d6e00000, 0x0000000100000000)
  eden space 20992K, 0% used [0x00000000d5580000,0x00000000d5580000,0x00000000d6a00000)
  from space 2048K, 61% used [0x00000000d6a00000,0x00000000d6b3b520,0x00000000d6c00000)
  to   space 1536K, 0% used [0x00000000d6c80000,0x00000000d6c80000,0x00000000d6e00000)
 ParOldGen       total 68608K, used 22600K [0x0000000080000000, 0x0000000084300000, 0x00000000d5580000)
  object space 68608K, 32% used [0x0000000080000000,0x00000000816121e0,0x0000000084300000)
 Metaspace       used 43591K, committed 44736K, reserved 1114112K
  class space    used 4742K, committed 5248K, reserved 1048576K
}
Event: 18.016 GC heap before
{Heap before GC invocations=20 (full 2):
 PSYoungGen      total 23040K, used 22253K [0x00000000d5580000, 0x00000000d6e00000, 0x0000000100000000)
  eden space 20992K, 100% used [0x00000000d5580000,0x00000000d6a00000,0x00000000d6a00000)
  from space 2048K, 61% used [0x00000000d6a00000,0x00000000d6b3b520,0x00000000d6c00000)
  to   space 1536K, 0% used [0x00000000d6c80000,0x00000000d6c80000,0x00000000d6e00000)
 ParOldGen       total 68608K, used 22600K [0x0000000080000000, 0x0000000084300000, 0x00000000d5580000)
  object space 68608K, 32% used [0x0000000080000000,0x00000000816121e0,0x0000000084300000)
 Metaspace       used 45654K, committed 46848K, reserved 1114112K
  class space    used 5005K, committed 5504K, reserved 1048576K
}
Event: 18.019 GC heap after
{Heap after GC invocations=20 (full 2):
 PSYoungGen      total 21504K, used 1536K [0x00000000d5580000, 0x00000000d7100000, 0x0000000100000000)
  eden space 19968K, 0% used [0x00000000d5580000,0x00000000d5580000,0x00000000d6900000)
  from space 1536K, 100% used [0x00000000d6c80000,0x00000000d6e00000,0x00000000d6e00000)
  to   space 3584K, 0% used [0x00000000d6900000,0x00000000d6900000,0x00000000d6c80000)
 ParOldGen       total 68608K, used 23872K [0x0000000080000000, 0x0000000084300000, 0x00000000d5580000)
  object space 68608K, 34% used [0x0000000080000000,0x0000000081750268,0x0000000084300000)
 Metaspace       used 45654K, committed 46848K, reserved 1114112K
  class space    used 5005K, committed 5504K, reserved 1048576K
}

